c:\users\gameuser\desktop\fyp predictive dialogue manager\predictive_dialogue_manager\predictive dialogue manager\x64\debug\vc141.pdb
c:\users\gameuser\desktop\fyp predictive dialogue manager\predictive_dialogue_manager\predictive dialogue manager\x64\debug\vc141.idb
c:\users\gameuser\desktop\fyp predictive dialogue manager\predictive_dialogue_manager\predictive dialogue manager\x64\debug\game.obj
c:\users\gameuser\desktop\fyp predictive dialogue manager\predictive_dialogue_manager\predictive dialogue manager\x64\debug\storymanager.obj
c:\users\gameuser\desktop\fyp predictive dialogue manager\predictive_dialogue_manager\predictive dialogue manager\x64\debug\source.obj
c:\users\gameuser\desktop\fyp predictive dialogue manager\predictive_dialogue_manager\predictive dialogue manager\x64\debug\jsonreader.obj
c:\users\gameuser\desktop\fyp predictive dialogue manager\predictive_dialogue_manager\predictive dialogue manager\x64\debug\menu.obj
c:\users\gameuser\desktop\fyp predictive dialogue manager\predictive_dialogue_manager\predictive dialogue manager\x64\debug\predictive dialogue manager.exe
c:\users\gameuser\desktop\fyp predictive dialogue manager\predictive_dialogue_manager\predictive dialogue manager\x64\debug\predictive dialogue manager.ilk
c:\users\gameuser\desktop\fyp predictive dialogue manager\predictive_dialogue_manager\predictive dialogue manager\x64\debug\predictive dialogue manager.pdb
c:\users\gameuser\desktop\fyp predictive dialogue manager\predictive_dialogue_manager\predictive dialogue manager\x64\debug\json.obj
c:\users\gameuser\desktop\fyp predictive dialogue manager\predictive_dialogue_manager\predictive dialogue manager\x64\debug\jsonvalue.obj
c:\users\gameuser\desktop\fyp predictive dialogue manager\predictive_dialogue_manager\predictive dialogue manager\x64\debug\prediciton.obj
c:\users\gameuser\desktop\fyp predictive dialogue manager\predictive_dialogue_manager\predictive dialogue manager\x64\debug\sprite.obj
c:\users\gameuser\desktop\fyp predictive dialogue manager\predictive_dialogue_manager\predictive dialogue manager\x64\debug\textureloader.obj
c:\users\gameuser\desktop\fyp predictive dialogue manager\predictive_dialogue_manager\predictive dialogue manager\x64\debug\storymanager.obj.enc
c:\users\gameuser\desktop\fyp predictive dialogue manager\predictive_dialogue_manager\predictive dialogue manager\x64\debug\predicti.6fb61471.tlog\cl.command.1.tlog
c:\users\gameuser\desktop\fyp predictive dialogue manager\predictive_dialogue_manager\predictive dialogue manager\x64\debug\predicti.6fb61471.tlog\cl.read.1.tlog
c:\users\gameuser\desktop\fyp predictive dialogue manager\predictive_dialogue_manager\predictive dialogue manager\x64\debug\predicti.6fb61471.tlog\cl.write.1.tlog
c:\users\gameuser\desktop\fyp predictive dialogue manager\predictive_dialogue_manager\predictive dialogue manager\x64\debug\predicti.6fb61471.tlog\link.command.1.tlog
c:\users\gameuser\desktop\fyp predictive dialogue manager\predictive_dialogue_manager\predictive dialogue manager\x64\debug\predicti.6fb61471.tlog\link.read.1.tlog
c:\users\gameuser\desktop\fyp predictive dialogue manager\predictive_dialogue_manager\predictive dialogue manager\x64\debug\predicti.6fb61471.tlog\link.write.1.tlog
c:\users\gameuser\desktop\fyp predictive dialogue manager\predictive_dialogue_manager\predictive dialogue manager\x64\debug\predicti.6fb61471.tlog\predictive dialogue manager.write.1u.tlog
